Currently Loaded Modules:
  1) cuda/10.1.243       3) tau/2.29.1   5) spectrum-mpi/rolling-release
  2) StdEnv        (S)   4) gcc/7.3.1
  Where:
   S:  Module is Sticky, requires --force to unload or purge
 
/p/gpfs1/ellinger/runs_buffer-in-one2-tau/run_1
NX1= 256 NX2= 256 NX3= 256
Setup complete, executing driver...
cycle=0 time=0.0000000000000000e+00 dt=5.8593749999999998e-04 zone-cycles/wsec = 0.00e+00
cycle=1 time=5.8593749999999998e-04 dt=5.8593749999999998e-04 zone-cycles/wsec = 4.50e+06
cycle=2 time=1.1718750000000000e-03 dt=5.8593749999999998e-04 zone-cycles/wsec = 4.45e+18
cycle=3 time=1.7578124999999998e-03 dt=5.8593749999999998e-04 zone-cycles/wsec = 7.16e+06
cycle=4 time=2.3437499999999999e-03 dt=5.8593749999999998e-04 zone-cycles/wsec = 7.15e+06
cycle=5 time=2.9296875000000000e-03 dt=5.8593749999999998e-04 zone-cycles/wsec = 7.16e+06
cycle=6 time=3.5156250000000001e-03 dt=5.8593749999999998e-04 zone-cycles/wsec = 7.14e+06
cycle=7 time=4.1015625000000002e-03 dt=5.8593749999999998e-04 zone-cycles/wsec = 7.16e+06
cycle=8 time=4.6874999999999998e-03 dt=5.8593749999999998e-04 zone-cycles/wsec = 7.15e+06
cycle=9 time=5.2734374999999995e-03 dt=5.8593749999999998e-04 zone-cycles/wsec = 7.16e+06
cycle=10 time=5.8593749999999991e-03 dt=5.8593749999999998e-04 zone-cycles/wsec = 7.16e+06
Driver completed.
time=5.86e-03 cycle=10
tlim=1.00e+00 nlim=10
Number of MeshBlocks = 904; 392  created, 0 destroyed during this simulation.
walltime used = 3.31e+01
zone-cycles/wallsecond = 7.16e+06
/p/gpfs1/ellinger/runs_buffer-in-one2-tau/run_2
NX1= 512 NX2= 256 NX3= 256
Setup complete, executing driver...
cycle=0 time=0.0000000000000000e+00 dt=2.9296874999999999e-04 zone-cycles/wsec = 0.00e+00
cycle=1 time=2.9296874999999999e-04 dt=2.9296874999999999e-04 zone-cycles/wsec = 2.98e+06
cycle=2 time=5.8593749999999998e-04 dt=2.9296874999999999e-04 zone-cycles/wsec = 1.48e+18
cycle=3 time=8.7890624999999991e-04 dt=2.9296874999999999e-04 zone-cycles/wsec = 4.31e+06
cycle=4 time=1.1718750000000000e-03 dt=2.9296874999999999e-04 zone-cycles/wsec = 4.30e+06
cycle=5 time=1.4648437500000000e-03 dt=2.9296874999999999e-04 zone-cycles/wsec = 4.30e+06
cycle=6 time=1.7578125000000000e-03 dt=2.9296874999999999e-04 zone-cycles/wsec = 4.30e+06
cycle=7 time=2.0507812500000001e-03 dt=2.9296874999999999e-04 zone-cycles/wsec = 4.30e+06
cycle=8 time=2.3437499999999999e-03 dt=2.9296874999999999e-04 zone-cycles/wsec = 4.30e+06
cycle=9 time=2.6367187499999997e-03 dt=2.9296874999999999e-04 zone-cycles/wsec = 4.30e+06
cycle=10 time=2.9296874999999996e-03 dt=2.9296874999999999e-04 zone-cycles/wsec = 4.30e+06
Driver completed.
time=2.93e-03 cycle=10
tlim=1.00e+00 nlim=10
Number of MeshBlocks = 1640; 616  created, 0 destroyed during this simulation.
walltime used = 1.00e+02
zone-cycles/wallsecond = 4.30e+06
/p/gpfs1/ellinger/runs_buffer-in-one2-tau/run_4
NX1= 512 NX2= 512 NX3= 256
Setup complete, executing driver...
cycle=0 time=0.0000000000000000e+00 dt=2.9296874999999999e-04 zone-cycles/wsec = 0.00e+00
cycle=1 time=2.9296874999999999e-04 dt=2.9296874999999999e-04 zone-cycles/wsec = 3.10e+06
cycle=2 time=5.8593749999999998e-04 dt=2.9296874999999999e-04 zone-cycles/wsec = 8.40e+17
cycle=3 time=8.7890624999999991e-04 dt=2.9296874999999999e-04 zone-cycles/wsec = 4.40e+06
cycle=4 time=1.1718750000000000e-03 dt=2.9296874999999999e-04 zone-cycles/wsec = 4.39e+06
cycle=5 time=1.4648437500000000e-03 dt=2.9296874999999999e-04 zone-cycles/wsec = 4.39e+06
cycle=6 time=1.7578125000000000e-03 dt=2.9296874999999999e-04 zone-cycles/wsec = 4.39e+06
cycle=7 time=2.0507812500000001e-03 dt=2.9296874999999999e-04 zone-cycles/wsec = 4.39e+06
cycle=8 time=2.3437499999999999e-03 dt=2.9296874999999999e-04 zone-cycles/wsec = 4.39e+06
cycle=9 time=2.6367187499999997e-03 dt=2.9296874999999999e-04 zone-cycles/wsec = 4.39e+06
cycle=10 time=2.9296874999999996e-03 dt=2.9296874999999999e-04 zone-cycles/wsec = 4.39e+06
Driver completed.
time=2.93e-03 cycle=10
tlim=1.00e+00 nlim=10
Number of MeshBlocks = 2944; 896  created, 0 destroyed during this simulation.
walltime used = 1.76e+02
zone-cycles/wallsecond = 4.39e+06
/p/gpfs1/ellinger/runs_buffer-in-one2-tau/run_8
NX1= 512 NX2= 512 NX3= 512
Setup complete, executing driver...
cycle=0 time=0.0000000000000000e+00 dt=2.9296874999999999e-04 zone-cycles/wsec = 0.00e+00
cycle=1 time=2.9296874999999999e-04 dt=2.9296874999999999e-04 zone-cycles/wsec = 1.43e+06
cycle=2 time=5.8593749999999998e-04 dt=2.9296874999999999e-04 zone-cycles/wsec = 9.69e+17
cycle=3 time=8.7890624999999991e-04 dt=2.9296874999999999e-04 zone-cycles/wsec = 1.65e+06
cycle=4 time=1.1718750000000000e-03 dt=2.9296874999999999e-04 zone-cycles/wsec = 9.11e+06
cycle=5 time=1.4648437500000000e-03 dt=2.9296874999999999e-04 zone-cycles/wsec = 9.17e+06
cycle=6 time=1.7578125000000000e-03 dt=2.9296874999999999e-04 zone-cycles/wsec = 9.16e+06
cycle=7 time=2.0507812500000001e-03 dt=2.9296874999999999e-04 zone-cycles/wsec = 9.17e+06
cycle=8 time=2.3437499999999999e-03 dt=2.9296874999999999e-04 zone-cycles/wsec = 9.16e+06
cycle=9 time=2.6367187499999997e-03 dt=2.9296874999999999e-04 zone-cycles/wsec = 9.17e+06
cycle=10 time=2.9296874999999996e-03 dt=2.9296874999999999e-04 zone-cycles/wsec = 9.16e+06
Driver completed.
time=2.93e-03 cycle=10
tlim=1.00e+00 nlim=10
Number of MeshBlocks = 5244; 1148  created, 0 destroyed during this simulation.
walltime used = 2.35e+02
zone-cycles/wallsecond = 5.85e+06
/p/gpfs1/ellinger/runs_buffer-in-one2-tau/run_16
NX1= 1024 NX2= 512 NX3= 512
Setup complete, executing driver...
cycle=0 time=0.0000000000000000e+00 dt=1.4648437499999999e-04 zone-cycles/wsec = 0.00e+00
cycle=1 time=1.4648437499999999e-04 dt=1.4648437499999999e-04 zone-cycles/wsec = 2.20e+06
cycle=2 time=2.9296874999999999e-04 dt=1.4648437499999999e-04 zone-cycles/wsec = 1.35e+17
cycle=3 time=4.3945312499999996e-04 dt=1.4648437499999999e-04 zone-cycles/wsec = 1.83e+07
cycle=4 time=5.8593749999999998e-04 dt=1.4648437499999999e-04 zone-cycles/wsec = 2.18e+06
cycle=5 time=7.3242187500000000e-04 dt=1.4648437499999999e-04 zone-cycles/wsec = 2.85e+06
cycle=6 time=8.7890625000000002e-04 dt=1.4648437499999999e-04 zone-cycles/wsec = 1.84e+07
cycle=7 time=1.0253906250000000e-03 dt=1.4648437499999999e-04 zone-cycles/wsec = 1.84e+07
cycle=8 time=1.1718750000000000e-03 dt=1.4648437499999999e-04 zone-cycles/wsec = 2.12e+06
cycle=9 time=1.3183593749999999e-03 dt=1.4648437499999999e-04 zone-cycles/wsec = 2.10e+06
cycle=10 time=1.4648437499999998e-03 dt=1.4648437499999999e-04 zone-cycles/wsec = 1.83e+07
Driver completed.
time=1.46e-03 cycle=10
tlim=1.00e+00 nlim=10
Number of MeshBlocks = 9865; 1673  created, 0 destroyed during this simulation.
walltime used = 6.36e+02
zone-cycles/wallsecond = 4.05e+06
------------------------------------------------------------
Sender: LSF System <lsfadmin@rzansel62>
Subject: Job 615843: <weak scaling> in cluster <rzansel> Done
Job <weak scaling> was submitted from host <rzansel61> by user <ellinger> in cluster <rzansel> at Fri Dec 11 10:19:29 2020
Job was executed on host(s) <1*rzansel62>, in queue <pdebug>, as user <ellinger> in cluster <rzansel> at Fri Dec 11 10:19:29 2020
                            <40*rzansel24>
                            <40*rzansel54>
                            <40*rzansel30>
                            <40*rzansel32>
</g/g12/ellinger> was used as the home directory.
</usr/workspace/ellinger/repos/parthenon/runs> was used as the working directory.
Started at Fri Dec 11 10:19:29 2020
Terminated at Fri Dec 11 11:01:23 2020
Results reported at Fri Dec 11 11:01:23 2020
Your job looked like:
------------------------------------------------------------
# LSBATCH: User input
#!/bin/bash -f
#BSUB -J "weak scaling"
#BSUB -nnodes 4
module load gcc/7.3.1
module list
## Set up tau
export SPACK_ROOT=$MYWS/repos/spack
source $SPACK_ROOT/share/spack/setup-env.sh
spack load -r tau+mpi
export TAU_TRACK_MESSAGE=1
export TAU_COMM_MATRIX=1
export TAU_PROFILE=1
export TAU_TRACE=1
#export KOKKOS_NUM_DEVICES=4
export OMP_NUM_THREADS=1
## Set up runs
NX1=256
NX2=256
NX3=256
P=1
rundir="/p/gpfs1/ellinger/runs_buffer-in-one2-tau/run_${P}"
export PROFILEDIR=$rundir
export TRACEDIR=$rundir
echo ${rundir}
mkdir -p $rundir && cd $rundir
echo "NX1= ${NX1} NX2= ${NX2} NX3= ${NX3}"
lrun -n ${P} -g 1 -c 1 -M "-gpu" tau_exec $MYWS/repos/parthenon/build-buffer-in-one/example/advection/advection-example -i $MYWS/repos/parthenon/runs/parthinput.advection parthenon/time/nlim=10 parthenon/mesh/nx1=${NX1} parthenon/mesh/nx2=${NX2} parthenon/mesh/nx3=${NX3} 2>&1 run_${P}.out
P=2
NX1=`expr $NX1 \\* 2 `
rundir="/p/gpfs1/ellinger/runs_buffer-in-one2-tau/run_${P}"
export PROFILEDIR=$rundir
export TRACEDIR=$rundir
echo ${rundir}
mkdir -p $rundir && cd $rundir
echo "NX1= ${NX1} NX2= ${NX2} NX3= ${NX3}"
lrun -n ${P} -g 1 -c 1 -M "-gpu" tau_exec $MYWS/repos/parthenon/build-buffer-in-one/example/advection/advection-example -i $MYWS/repos/parthenon/runs/parthinput.advection parthenon/time/nlim=10 parthenon/mesh/nx1=${NX1} parthenon/mesh/nx2=${NX2} parthenon/mesh/nx3=${NX3} 2>&1 run_${P}.out
 
P=4
NX2=`expr $NX2 \\* 2 `
rundir="/p/gpfs1/ellinger/runs_buffer-in-one2-tau/run_${P}"
export PROFILEDIR=$rundir
export TRACEDIR=$rundir
echo ${rundir}
mkdir -p $rundir && cd $rundir
(... more ...)
------------------------------------------------------------
Successfully completed.
Resource usage summary:
    CPU time :                                   0.57 sec.
    Max Memory :                                 88 MB
    Average Memory :                             59.23 MB
    Total Requested Memory :                     -
    Delta Memory :                               -
    Max Swap :                                   1424 MB
    Max Processes :                              7
    Max Threads :                                27
    Run time :                                   2514 sec.
    Turnaround time :                            2514 sec.
The output (if any) is above this job summary.
